# JRE version: OpenJDK Runtime Environment (8.0_212-b04) (build 1.8.0_212-release-1586-b04)
# Java VM: OpenJDK 64-Bit Server VM (25.212-b04 mixed mode windows-amd64 compressed oops)
Heap:
 PSYoungGen      total 213504K, used 194560K [0x00000000e0000000, 0x00000000ee400000, 0x0000000100000000)
  eden space 194560K, 100% used [0x00000000e0000000,0x00000000ebe00000,0x00000000ebe00000)
  from space 18944K, 0% used [0x00000000ecf80000,0x00000000ecf80000,0x00000000ee200000)
  to   space 17920K, 77% used [0x00000000ebe00000,0x00000000ecb8c060,0x00000000ecf80000)
 ParOldGen       total 121856K, used 36415K [0x00000000a0000000, 0x00000000a7700000, 0x00000000e0000000)
  object space 121856K, 29% used [0x00000000a0000000,0x00000000a238fd10,0x00000000a7700000)
 Metaspace       used 59595K, capacity 61746K, committed 61952K, reserved 1101824K
  class space    used 8153K, capacity 8623K, committed 8704K, reserved 1048576K
GC Heap History (10 events):
Event: 52.045 GC heap after
Heap after GC invocations=11 (full 2):
 PSYoungGen      total 112128K, used 0K [0x00000000e0000000, 0x00000000e9f80000, 0x0000000100000000)
  eden space 100352K, 0% used [0x00000000e0000000,0x00000000e0000000,0x00000000e6200000)
  from space 11776K, 0% used [0x00000000e6200000,0x00000000e6200000,0x00000000e6d80000)
  to   space 12288K, 0% used [0x00000000e9380000,0x00000000e9380000,0x00000000e9f80000)
 ParOldGen       total 79360K, used 16471K [0x00000000a0000000, 0x00000000a4d80000, 0x00000000e0000000)
  object space 79360K, 20% used [0x00000000a0000000,0x00000000a1015c30,0x00000000a4d80000)
 Metaspace       used 34617K, capacity 35362K, committed 35456K, reserved 1079296K
  class space    used 4736K, capacity 4968K, committed 4992K, reserved 1048576K
}
Event: 55.153 GC heap before
{Heap before GC invocations=12 (full 2):
 PSYoungGen      total 112128K, used 100352K [0x00000000e0000000, 0x00000000e9f80000, 0x0000000100000000)
  eden space 100352K, 100% used [0x00000000e0000000,0x00000000e6200000,0x00000000e6200000)
  from space 11776K, 0% used [0x00000000e6200000,0x00000000e6200000,0x00000000e6d80000)
  to   space 12288K, 0% used [0x00000000e9380000,0x00000000e9380000,0x00000000e9f80000)
 ParOldGen       total 79360K, used 16471K [0x00000000a0000000, 0x00000000a4d80000, 0x00000000e0000000)
  object space 79360K, 20% used [0x00000000a0000000,0x00000000a1015c30,0x00000000a4d80000)
 Metaspace       used 43993K, capacity 45034K, committed 45184K, reserved 1087488K
  class space    used 5920K, capacity 6203K, committed 6272K, reserved 1048576K
Event: 55.168 GC heap after
Heap after GC invocations=12 (full 2):
 PSYoungGen      total 148992K, used 12256K [0x00000000e0000000, 0x00000000ea880000, 0x0000000100000000)
  eden space 136704K, 0% used [0x00000000e0000000,0x00000000e0000000,0x00000000e8580000)
  from space 12288K, 99% used [0x00000000e9380000,0x00000000e9f78268,0x00000000e9f80000)
  to   space 14336K, 0% used [0x00000000e8580000,0x00000000e8580000,0x00000000e9380000)
 ParOldGen       total 79360K, used 17519K [0x00000000a0000000, 0x00000000a4d80000, 0x00000000e0000000)
  object space 79360K, 22% used [0x00000000a0000000,0x00000000a111bd78,0x00000000a4d80000)
 Metaspace       used 43993K, capacity 45034K, committed 45184K, reserved 1087488K
  class space    used 5920K, capacity 6203K, committed 6272K, reserved 1048576K
}
Event: 57.808 GC heap before
{Heap before GC invocations=13 (full 2):
 PSYoungGen      total 148992K, used 148960K [0x00000000e0000000, 0x00000000ea880000, 0x0000000100000000)
  eden space 136704K, 100% used [0x00000000e0000000,0x00000000e8580000,0x00000000e8580000)
  from space 12288K, 99% used [0x00000000e9380000,0x00000000e9f78268,0x00000000e9f80000)
  to   space 14336K, 0% used [0x00000000e8580000,0x00000000e8580000,0x00000000e9380000)
 ParOldGen       total 79360K, used 17519K [0x00000000a0000000, 0x00000000a4d80000, 0x00000000e0000000)
  object space 79360K, 22% used [0x00000000a0000000,0x00000000a111bd78,0x00000000a4d80000)
 Metaspace       used 53363K, capacity 55046K, committed 55168K, reserved 1097728K
  class space    used 7299K, capacity 7715K, committed 7808K, reserved 1048576K
Event: 57.832 GC heap after
Heap after GC invocations=13 (full 2):
 PSYoungGen      total 151040K, used 14316K [0x00000000e0000000, 0x00000000ee200000, 0x0000000100000000)
  eden space 136704K, 0% used [0x00000000e0000000,0x00000000e0000000,0x00000000e8580000)
  from space 14336K, 99% used [0x00000000e8580000,0x00000000e937b330,0x00000000e9380000)
  to   space 18944K, 0% used [0x00000000ecf80000,0x00000000ecf80000,0x00000000ee200000)
 ParOldGen       total 79360K, used 25486K [0x00000000a0000000, 0x00000000a4d80000, 0x00000000e0000000)
  object space 79360K, 32% used [0x00000000a0000000,0x00000000a18e3938,0x00000000a4d80000)
 Metaspace       used 53363K, capacity 55046K, committed 55168K, reserved 1097728K
  class space    used 7299K, capacity 7715K, committed 7808K, reserved 1048576K
}
Event: 59.070 GC heap before
{Heap before GC invocations=14 (full 2):
 PSYoungGen      total 151040K, used 86070K [0x00000000e0000000, 0x00000000ee200000, 0x0000000100000000)
  eden space 136704K, 52% used [0x00000000e0000000,0x00000000e4612638,0x00000000e8580000)
  from space 14336K, 99% used [0x00000000e8580000,0x00000000e937b330,0x00000000e9380000)
  to   space 18944K, 0% used [0x00000000ecf80000,0x00000000ecf80000,0x00000000ee200000)
 ParOldGen       total 79360K, used 25486K [0x00000000a0000000, 0x00000000a4d80000, 0x00000000e0000000)
  object space 79360K, 32% used [0x00000000a0000000,0x00000000a18e3938,0x00000000a4d80000)
 Metaspace       used 57114K, capacity 59076K, committed 59096K, reserved 1099776K
  class space    used 7831K, capacity 8304K, committed 8320K, reserved 1048576K
Event: 59.110 GC heap after
Heap after GC invocations=14 (full 2):
 PSYoungGen      total 213504K, used 7975K [0x00000000e0000000, 0x00000000ee400000, 0x0000000100000000)
  eden space 194560K, 0% used [0x00000000e0000000,0x00000000e0000000,0x00000000ebe00000)
  from space 18944K, 42% used [0x00000000ecf80000,0x00000000ed749f98,0x00000000ee200000)
  to   space 17920K, 0% used [0x00000000ebe00000,0x00000000ebe00000,0x00000000ecf80000)
 ParOldGen       total 79360K, used 39629K [0x00000000a0000000, 0x00000000a4d80000, 0x00000000e0000000)
  object space 79360K, 49% used [0x00000000a0000000,0x00000000a26b3600,0x00000000a4d80000)
 Metaspace       used 57114K, capacity 59076K, committed 59096K, reserved 1099776K
  class space    used 7831K, capacity 8304K, committed 8320K, reserved 1048576K
}
Event: 59.110 GC heap before
{Heap before GC invocations=15 (full 3):
 PSYoungGen      total 213504K, used 7975K [0x00000000e0000000, 0x00000000ee400000, 0x0000000100000000)
  eden space 194560K, 0% used [0x00000000e0000000,0x00000000e0000000,0x00000000ebe00000)
  from space 18944K, 42% used [0x00000000ecf80000,0x00000000ed749f98,0x00000000ee200000)
  to   space 17920K, 0% used [0x00000000ebe00000,0x00000000ebe00000,0x00000000ecf80000)
 ParOldGen       total 79360K, used 39629K [0x00000000a0000000, 0x00000000a4d80000, 0x00000000e0000000)
  object space 79360K, 49% used [0x00000000a0000000,0x00000000a26b3600,0x00000000a4d80000)
 Metaspace       used 57114K, capacity 59076K, committed 59096K, reserved 1099776K
  class space    used 7831K, capacity 8304K, committed 8320K, reserved 1048576K
Event: 59.373 GC heap after
Heap after GC invocations=15 (full 3):
 PSYoungGen      total 213504K, used 0K [0x00000000e0000000, 0x00000000ee400000, 0x0000000100000000)
  eden space 194560K, 0% used [0x00000000e0000000,0x00000000e0000000,0x00000000ebe00000)
  from space 18944K, 0% used [0x00000000ecf80000,0x00000000ecf80000,0x00000000ee200000)
  to   space 17920K, 0% used [0x00000000ebe00000,0x00000000ebe00000,0x00000000ecf80000)
 ParOldGen       total 121856K, used 36407K [0x00000000a0000000, 0x00000000a7700000, 0x00000000e0000000)
  object space 121856K, 29% used [0x00000000a0000000,0x00000000a238dd10,0x00000000a7700000)
 Metaspace       used 57114K, capacity 59076K, committed 59096K, reserved 1099776K
  class space    used 7831K, capacity 8304K, committed 8320K, reserved 1048576K
}
Event: 62.934 GC heap before
{Heap before GC invocations=16 (full 3):
 PSYoungGen      total 213504K, used 194560K [0x00000000e0000000, 0x00000000ee400000, 0x0000000100000000)
  eden space 194560K, 100% used [0x00000000e0000000,0x00000000ebe00000,0x00000000ebe00000)
  from space 18944K, 0% used [0x00000000ecf80000,0x00000000ecf80000,0x00000000ee200000)
  to   space 17920K, 0% used [0x00000000ebe00000,0x00000000ebe00000,0x00000000ecf80000)
 ParOldGen       total 121856K, used 36407K [0x00000000a0000000, 0x00000000a7700000, 0x00000000e0000000)
  object space 121856K, 29% used [0x00000000a0000000,0x00000000a238dd10,0x00000000a7700000)
 Metaspace       used 59595K, capacity 61746K, committed 61952K, reserved 1101824K
  class space    used 8153K, capacity 8623K, committed 8704K, reserved 1048576K

